[INFO  Tue 04 Jul 2023 03:32:49 AM -03] ...e/nvim/lazy/mason.nvim/lua/mason-core/installer/init.lua:184: Executing installer for Package(name=lua-language-server) {}
[INFO  Tue 04 Jul 2023 03:32:49 AM -03] ...e/nvim/lazy/mason.nvim/lua/mason-core/installer/init.lua:184: Executing installer for Package(name=eslint-lsp) {}
[ERROR Tue 04 Jul 2023 03:32:49 AM -03] ...e/nvim/lazy/mason.nvim/lua/mason-core/installer/init.lua:249: Installation failed for Package(name=eslint-lsp) error=spawn: npm failed with exit code - and signal -. npm is not executable
[INFO  Tue 04 Jul 2023 03:32:50 AM -03] ...e/nvim/lazy/mason.nvim/lua/mason-core/installer/init.lua:245: Installation succeeded for Package(name=lua-language-server)
[INFO  Tue 04 Jul 2023 03:33:14 AM -03] ...e/nvim/lazy/mason.nvim/lua/mason-core/installer/init.lua:184: Executing installer for Package(name=eslint-lsp) {}
[ERROR Tue 04 Jul 2023 03:33:14 AM -03] ...e/nvim/lazy/mason.nvim/lua/mason-core/installer/init.lua:249: Installation failed for Package(name=eslint-lsp) error=spawn: npm failed with exit code - and signal -. npm is not executable
[INFO  Tue 04 Jul 2023 03:33:28 AM -03] ...e/nvim/lazy/mason.nvim/lua/mason-core/installer/init.lua:184: Executing installer for Package(name=eslint-lsp) {}
[ERROR Tue 04 Jul 2023 03:33:28 AM -03] ...e/nvim/lazy/mason.nvim/lua/mason-core/installer/init.lua:249: Installation failed for Package(name=eslint-lsp) error=spawn: npm failed with exit code - and signal -. npm is not executable
[INFO  Tue 04 Jul 2023 03:34:07 AM -03] ...e/nvim/lazy/mason.nvim/lua/mason-core/installer/init.lua:184: Executing installer for Package(name=eslint_d) {}
[ERROR Tue 04 Jul 2023 03:34:07 AM -03] ...e/nvim/lazy/mason.nvim/lua/mason-core/installer/init.lua:249: Installation failed for Package(name=eslint_d) error=spawn: npm failed with exit code - and signal -. npm is not executable
[INFO  Tue 04 Jul 2023 03:34:15 AM -03] ...e/nvim/lazy/mason.nvim/lua/mason-core/installer/init.lua:184: Executing installer for Package(name=eslint_d) {}
[ERROR Tue 04 Jul 2023 03:34:15 AM -03] ...e/nvim/lazy/mason.nvim/lua/mason-core/installer/init.lua:249: Installation failed for Package(name=eslint_d) error=spawn: npm failed with exit code - and signal -. npm is not executable
[INFO  Tue 04 Jul 2023 03:34:16 AM -03] ...e/nvim/lazy/mason.nvim/lua/mason-core/installer/init.lua:184: Executing installer for Package(name=eslint_d) {}
[ERROR Tue 04 Jul 2023 03:34:16 AM -03] ...e/nvim/lazy/mason.nvim/lua/mason-core/installer/init.lua:249: Installation failed for Package(name=eslint_d) error=spawn: npm failed with exit code - and signal -. npm is not executable
[INFO  Tue 04 Jul 2023 03:34:16 AM -03] ...e/nvim/lazy/mason.nvim/lua/mason-core/installer/init.lua:184: Executing installer for Package(name=eslint_d) {}
[ERROR Tue 04 Jul 2023 03:34:16 AM -03] ...e/nvim/lazy/mason.nvim/lua/mason-core/installer/init.lua:249: Installation failed for Package(name=eslint_d) error=spawn: npm failed with exit code - and signal -. npm is not executable
[INFO  Tue 04 Jul 2023 03:34:16 AM -03] ...e/nvim/lazy/mason.nvim/lua/mason-core/installer/init.lua:184: Executing installer for Package(name=eslint_d) {}
[ERROR Tue 04 Jul 2023 03:34:16 AM -03] ...e/nvim/lazy/mason.nvim/lua/mason-core/installer/init.lua:249: Installation failed for Package(name=eslint_d) error=spawn: npm failed with exit code - and signal -. npm is not executable
[INFO  Tue 04 Jul 2023 03:34:16 AM -03] ...e/nvim/lazy/mason.nvim/lua/mason-core/installer/init.lua:184: Executing installer for Package(name=eslint_d) {}
[ERROR Tue 04 Jul 2023 03:34:16 AM -03] ...e/nvim/lazy/mason.nvim/lua/mason-core/installer/init.lua:249: Installation failed for Package(name=eslint_d) error=spawn: npm failed with exit code - and signal -. npm is not executable
[INFO  Tue 04 Jul 2023 03:34:16 AM -03] ...e/nvim/lazy/mason.nvim/lua/mason-core/installer/init.lua:184: Executing installer for Package(name=eslint_d) {}
[ERROR Tue 04 Jul 2023 03:34:16 AM -03] ...e/nvim/lazy/mason.nvim/lua/mason-core/installer/init.lua:249: Installation failed for Package(name=eslint_d) error=spawn: npm failed with exit code - and signal -. npm is not executable
